INFO [2025-06-20 12:09:42] $x
INFO [2025-06-20 12:09:42] asv_list
INFO [2025-06-20 12:09:42] 
INFO [2025-06-20 12:09:42] $filename
INFO [2025-06-20 12:09:42] NULL
INFO [2025-06-20 12:09:42] 
INFO [2025-06-20 12:09:42] $fill
INFO [2025-06-20 12:09:42] c("#FF6F61", "#6BAED6", "#88B04B")
INFO [2025-06-20 12:09:42] 
INFO [2025-06-20 12:09:42] $alpha
INFO [2025-06-20 12:09:42] [1] 0.5
INFO [2025-06-20 12:09:42] 
INFO [2025-06-20 12:09:42] $cex
INFO [2025-06-20 12:09:42] [1] 1.5
INFO [2025-06-20 12:09:42] 
INFO [2025-06-20 12:09:42] $cat.cex
INFO [2025-06-20 12:09:42] [1] 1.3
INFO [2025-06-20 12:09:42] 
INFO [2025-06-20 12:09:42] $cat.dist
INFO [2025-06-20 12:09:42] c(0.05, 0.05, 0.08)
INFO [2025-06-20 12:09:42] 
INFO [2025-06-20 12:09:42] $fontfamily
INFO [2025-06-20 12:09:42] [1] "Arial"
INFO [2025-06-20 12:09:42] 
INFO [2025-06-20 12:09:42] $cat.fontfamily
INFO [2025-06-20 12:09:42] [1] "Arial"
INFO [2025-06-20 12:09:42] 
INFO [2025-06-20 12:09:42] $cat.col
INFO [2025-06-20 12:09:42] c("#FF6F61", "#6BAED6", "#88B04B")
INFO [2025-06-20 12:09:42] 
INFO [2025-06-20 12:09:42] $margin
INFO [2025-06-20 12:09:42] [1] 0.1
INFO [2025-06-20 12:09:42] 
